[kbplacer_plugin_action.py:79]: Plugin executed with KiCad version: 7.0.9
[kbplacer_plugin_action.py:80]: Plugin executed with python version: '3.9.13 (v3.9.13:6de2ca5339, May 17 2022, 11:37:23) \n[Clang 13.0.0 (clang-1300.0.29.30)]'
[kbplacer_dialog.py:512]: Language: en
[kbplacer_plugin_action.py:96]: GUI state: {"switch_section": {"annotation": "MX{}", "layout_path": "/Users/win/Downloads/win-split-rotary-space.json", "x_distance": "19.05", "y_distance": "19.05"}, "switch_diodes_section": {"enable": false, "route_switches_with_diodes": false, "element_info": {"annotation_format": "", "position_option": "Relative", "position": null, "template_path": ""}}, "additional_elements": {"elements_info": []}, "misc_section": {"route_rows_and_columns": true, "template_path": ""}}
[key_placer.py:66]: Set key 1U distance: 19050000/19050000
[key_placer.py:451]: Diode info: ElementInfo(annotation_format='', position_option=<PositionOption.UNCHANGED: 'Unchaged'>, position=None, template_path='')
[key_placer.py:493]: User layout: [{'name': 'Win split rotary space', 'author': 'thewinger'}, [{'rx': 5.75, 'ry': 1.24, 'y': -1.1099999999999999, 'x': 1}, '5'], [{'y': -0.8800000000000001}, '4', {'x': 1}, '6'], [{'y': -0.87, 'x': 3}, '7'], [{'y': -0.25, 'x': 1}, '12'], [{'y': -0.8799999999999999}, '11', {'x': 1}, '13'], [{'y': -0.8700000000000001, 'x': 3}, '14'], [{'y': -0.25, 'x': 1}, '19'], [{'y': -0.8799999999999999}, '18', {'x': 1}, '20'], [{'y': -0.8700000000000001, 'x': 3}, '21'], [{'y': -0.25, 'x': 1}, '25'], [{'y': -0.8799999999999999}, '24', {'x': 1}, '26'], [{'y': -0.8700000000000001, 'x': 3}, '27', '33'], [{'y': -0.1299999999999999, 'x': 0.5, 'w': 1.25}, '30', {'w': 1.25}, '31'], [{'y': -0.8700000000000001, 'x': 3, 'w': 2}, '32'], [{'rx': 15, 'ry': 1.25, 'y': -1.12, 'x': 0.75}, '36'], [{'y': -0.8799999999999999, 'x': -0.25}, '35', {'x': 1}, '37'], [{'y': -0.87, 'x': -1.25}, '34'], [{'y': -0.25, 'x': 0.75}, '44'], [{'y': -0.8799999999999999, 'x': -0.25}, '43', {'x': 1}, '45'], [{'y': -0.8700000000000001, 'x': -1.25}, '42'], [{'y': -0.25, 'x': 0.75}, '52'], [{'y': -0.8799999999999999, 'x': -0.25}, '51', {'x': 1}, '53'], [{'y': -0.8700000000000001, 'x': -1.25}, '50'], [{'y': -0.25, 'x': 0.75}, '59'], [{'y': -0.8799999999999999, 'x': -0.25}, '58', {'x': 1}, '60'], [{'y': -0.8700000000000001, 'x': -2.25}, '64', '57'], [{'y': -0.1299999999999999, 'w': 1.25}, '66', {'w': 1.25}, '67'], [{'y': -0.8700000000000001, 'x': -2.25, 'w': 2.25}, '65'], [{'r': 14, 'rx': 17.75, 'y': -1}, '38', '39', '40', {'w': 2}, '41'], [{'x': 0.25}, '46', '47', '48', {'w': 1.5}, '49'], [{'x': 0.5}, '54', '55', {'w': 2.25}, '56'], [{'x': 0.75}, '61', {'w': 1.75}, '62', '63'], [{'x': 1.25, 'w': 1.25}, '68', '69', '70', '71'], [{'r': -14, 'rx': 5.75, 'ry': 1.24, 'y': -0.99, 'x': -5, 'c': '#ff0000'}, '1', {'x': 2, 'c': '#cccccc'}, '2', '3'], [{'x': -4.75}, '8', {'x': 1, 'w': 1.5}, '9', '10'], [{'x': -4.75}, '15', {'x': 0.5, 'w': 1.75}, '16', '17'], [{'x': -3.75, 'w': 2}, '22', '23'], [{'x': -5.5, 'c': '#ff0000'}, '28', {'x': 1.25, 'c': '#cccccc', 'w': 1.25}, '29']]
[board_modifier.py:64]: Searching for MX1 footprint in /Users/win/Projects/winkeebs/win-split/pcb/Win-split-bottom-and-top.kicad_pcb
[board_modifier.py:84]: Setting MX1 footprint position: (163112500, 37001500)
[board_modifier.py:64]: Searching for MX2 footprint in /Users/win/Projects/winkeebs/win-split/pcb/Win-split-bottom-and-top.kicad_pcb
[board_modifier.py:84]: Setting MX2 footprint position: (144062500, 39287500)
[board_modifier.py:64]: Searching for MX3 footprint in /Users/win/Projects/winkeebs/win-split/pcb/Win-split-bottom-and-top.kicad_pcb
[board_modifier.py:84]: Setting MX3 footprint position: (182162500, 39287500)
[board_modifier.py:64]: Searching for MX4 footprint in /Users/win/Projects/winkeebs/win-split/pcb/Win-split-bottom-and-top.kicad_pcb
[board_modifier.py:84]: Setting MX4 footprint position: (201212500, 41764000)
[board_modifier.py:64]: Searching for MX5 footprint in /Users/win/Projects/winkeebs/win-split/pcb/Win-split-bottom-and-top.kicad_pcb
[board_modifier.py:84]: Setting MX5 footprint position: (163112500, 56051499)
[board_modifier.py:64]: Searching for MX6 footprint in /Users/win/Projects/winkeebs/win-split/pcb/Win-split-bottom-and-top.kicad_pcb
[board_modifier.py:84]: Setting MX6 footprint position: (144062500, 58337500)
[board_modifier.py:64]: Searching for MX7 footprint in /Users/win/Projects/winkeebs/win-split/pcb/Win-split-bottom-and-top.kicad_pcb
[board_modifier.py:84]: Setting MX7 footprint position: (182162500, 58337500)
[board_modifier.py:64]: Searching for MX8 footprint in /Users/win/Projects/winkeebs/win-split/pcb/Win-split-bottom-and-top.kicad_pcb
[board_modifier.py:84]: Setting MX8 footprint position: (201212500, 60814000)
[board_modifier.py:64]: Searching for MX9 footprint in /Users/win/Projects/winkeebs/win-split/pcb/Win-split-bottom-and-top.kicad_pcb
[board_modifier.py:84]: Setting MX9 footprint position: (163112500, 75101500)
[board_modifier.py:64]: Searching for MX10 footprint in /Users/win/Projects/winkeebs/win-split/pcb/Win-split-bottom-and-top.kicad_pcb
[board_modifier.py:84]: Setting MX10 footprint position: (144062500, 77387500)
[board_modifier.py:64]: Searching for MX11 footprint in /Users/win/Projects/winkeebs/win-split/pcb/Win-split-bottom-and-top.kicad_pcb
[board_modifier.py:84]: Setting MX11 footprint position: (182162500, 77387500)
[board_modifier.py:64]: Searching for MX12 footprint in /Users/win/Projects/winkeebs/win-split/pcb/Win-split-bottom-and-top.kicad_pcb
[board_modifier.py:84]: Setting MX12 footprint position: (201212500, 79864000)
[board_modifier.py:64]: Searching for MX13 footprint in /Users/win/Projects/winkeebs/win-split/pcb/Win-split-bottom-and-top.kicad_pcb
[board_modifier.py:84]: Setting MX13 footprint position: (163112500, 94151500)
[board_modifier.py:64]: Searching for MX14 footprint in /Users/win/Projects/winkeebs/win-split/pcb/Win-split-bottom-and-top.kicad_pcb
[board_modifier.py:84]: Setting MX14 footprint position: (144062500, 96437500)
[board_modifier.py:64]: Searching for MX15 footprint in /Users/win/Projects/winkeebs/win-split/pcb/Win-split-bottom-and-top.kicad_pcb
[board_modifier.py:84]: Setting MX15 footprint position: (182162500, 96437500)
[board_modifier.py:64]: Searching for MX16 footprint in /Users/win/Projects/winkeebs/win-split/pcb/Win-split-bottom-and-top.kicad_pcb
[board_modifier.py:84]: Setting MX16 footprint position: (201212500, 98914000)
[board_modifier.py:64]: Searching for MX17 footprint in /Users/win/Projects/winkeebs/win-split/pcb/Win-split-bottom-and-top.kicad_pcb
[board_modifier.py:84]: Setting MX17 footprint position: (220262500, 98914000)
[board_modifier.py:64]: Searching for MX18 footprint in /Users/win/Projects/winkeebs/win-split/pcb/Win-split-bottom-and-top.kicad_pcb
[board_modifier.py:84]: Setting MX18 footprint position: (155968750, 115487500)
[board_modifier.py:64]: Searching for MX19 footprint in /Users/win/Projects/winkeebs/win-split/pcb/Win-split-bottom-and-top.kicad_pcb
[board_modifier.py:84]: Setting MX19 footprint position: (179781250, 115487500)
[board_modifier.py:64]: Searching for MX20 footprint in /Users/win/Projects/winkeebs/win-split/pcb/Win-split-bottom-and-top.kicad_pcb
[board_modifier.py:84]: Setting MX20 footprint position: (210737500, 117964000)
[board_modifier.py:64]: Searching for MX21 footprint in /Users/win/Projects/winkeebs/win-split/pcb/Win-split-bottom-and-top.kicad_pcb
[board_modifier.py:84]: Setting MX21 footprint position: (334562500, 37001500)
[board_modifier.py:64]: Searching for MX22 footprint in /Users/win/Projects/winkeebs/win-split/pcb/Win-split-bottom-and-top.kicad_pcb
[board_modifier.py:84]: Setting MX22 footprint position: (315512500, 39287500)
[board_modifier.py:64]: Searching for MX23 footprint in /Users/win/Projects/winkeebs/win-split/pcb/Win-split-bottom-and-top.kicad_pcb
[board_modifier.py:84]: Setting MX23 footprint position: (353612500, 39287500)
[board_modifier.py:64]: Searching for MX24 footprint in /Users/win/Projects/winkeebs/win-split/pcb/Win-split-bottom-and-top.kicad_pcb
[board_modifier.py:84]: Setting MX24 footprint position: (296462500, 41764000)
[board_modifier.py:64]: Searching for MX25 footprint in /Users/win/Projects/winkeebs/win-split/pcb/Win-split-bottom-and-top.kicad_pcb
[board_modifier.py:84]: Setting MX25 footprint position: (334562500, 56051499)
[board_modifier.py:64]: Searching for MX26 footprint in /Users/win/Projects/winkeebs/win-split/pcb/Win-split-bottom-and-top.kicad_pcb
[board_modifier.py:84]: Setting MX26 footprint position: (315512500, 58337500)
[board_modifier.py:64]: Searching for MX27 footprint in /Users/win/Projects/winkeebs/win-split/pcb/Win-split-bottom-and-top.kicad_pcb
[board_modifier.py:84]: Setting MX27 footprint position: (353612500, 58337500)
[board_modifier.py:64]: Searching for MX28 footprint in /Users/win/Projects/winkeebs/win-split/pcb/Win-split-bottom-and-top.kicad_pcb
[board_modifier.py:84]: Setting MX28 footprint position: (296462500, 60814000)
[board_modifier.py:64]: Searching for MX29 footprint in /Users/win/Projects/winkeebs/win-split/pcb/Win-split-bottom-and-top.kicad_pcb
[board_modifier.py:84]: Setting MX29 footprint position: (334562500, 75101500)
[board_modifier.py:64]: Searching for MX30 footprint in /Users/win/Projects/winkeebs/win-split/pcb/Win-split-bottom-and-top.kicad_pcb
[board_modifier.py:84]: Setting MX30 footprint position: (315512500, 77387500)
[board_modifier.py:64]: Searching for MX31 footprint in /Users/win/Projects/winkeebs/win-split/pcb/Win-split-bottom-and-top.kicad_pcb
[board_modifier.py:84]: Setting MX31 footprint position: (353612500, 77387500)
[board_modifier.py:64]: Searching for MX32 footprint in /Users/win/Projects/winkeebs/win-split/pcb/Win-split-bottom-and-top.kicad_pcb
[board_modifier.py:84]: Setting MX32 footprint position: (296462500, 79864000)
[board_modifier.py:64]: Searching for MX33 footprint in /Users/win/Projects/winkeebs/win-split/pcb/Win-split-bottom-and-top.kicad_pcb
[board_modifier.py:84]: Setting MX33 footprint position: (334562500, 94151500)
[board_modifier.py:64]: Searching for MX34 footprint in /Users/win/Projects/winkeebs/win-split/pcb/Win-split-bottom-and-top.kicad_pcb
[board_modifier.py:84]: Setting MX34 footprint position: (315512500, 96437500)
[board_modifier.py:64]: Searching for MX35 footprint in /Users/win/Projects/winkeebs/win-split/pcb/Win-split-bottom-and-top.kicad_pcb
[board_modifier.py:84]: Setting MX35 footprint position: (353612500, 96437500)
[board_modifier.py:64]: Searching for MX36 footprint in /Users/win/Projects/winkeebs/win-split/pcb/Win-split-bottom-and-top.kicad_pcb
[board_modifier.py:84]: Setting MX36 footprint position: (277412500, 98914000)
[board_modifier.py:64]: Searching for MX37 footprint in /Users/win/Projects/winkeebs/win-split/pcb/Win-split-bottom-and-top.kicad_pcb
[board_modifier.py:84]: Setting MX37 footprint position: (296462500, 98914000)
[board_modifier.py:64]: Searching for MX38 footprint in /Users/win/Projects/winkeebs/win-split/pcb/Win-split-bottom-and-top.kicad_pcb
[board_modifier.py:84]: Setting MX38 footprint position: (322656250, 115487500)
[board_modifier.py:64]: Searching for MX39 footprint in /Users/win/Projects/winkeebs/win-split/pcb/Win-split-bottom-and-top.kicad_pcb
[board_modifier.py:84]: Setting MX39 footprint position: (346468750, 115487500)
[board_modifier.py:64]: Searching for MX40 footprint in /Users/win/Projects/winkeebs/win-split/pcb/Win-split-bottom-and-top.kicad_pcb
[board_modifier.py:84]: Setting MX40 footprint position: (289318750, 117964000)
[board_modifier.py:64]: Searching for MX41 footprint in /Users/win/Projects/winkeebs/win-split/pcb/Win-split-bottom-and-top.kicad_pcb
[board_modifier.py:84]: Setting MX41 footprint position: (372662500, 39287500)
[board_modifier.py:64]: Searching for MX42 footprint in /Users/win/Projects/winkeebs/win-split/pcb/Win-split-bottom-and-top.kicad_pcb
[board_modifier.py:84]: Setting MX42 footprint position: (391712500, 39287500)
[board_modifier.py:64]: Searching for MX43 footprint in /Users/win/Projects/winkeebs/win-split/pcb/Win-split-bottom-and-top.kicad_pcb
[board_modifier.py:84]: Setting MX43 footprint position: (410762500, 39287500)
[board_modifier.py:64]: Searching for MX44 footprint in /Users/win/Projects/winkeebs/win-split/pcb/Win-split-bottom-and-top.kicad_pcb
[board_modifier.py:84]: Setting MX44 footprint position: (439337500, 39287500)
[board_modifier.py:64]: Searching for MX45 footprint in /Users/win/Projects/winkeebs/win-split/pcb/Win-split-bottom-and-top.kicad_pcb
[board_modifier.py:84]: Setting MX45 footprint position: (377425000, 58337500)
[board_modifier.py:64]: Searching for MX46 footprint in /Users/win/Projects/winkeebs/win-split/pcb/Win-split-bottom-and-top.kicad_pcb
[board_modifier.py:84]: Setting MX46 footprint position: (396475000, 58337500)
[board_modifier.py:64]: Searching for MX47 footprint in /Users/win/Projects/winkeebs/win-split/pcb/Win-split-bottom-and-top.kicad_pcb
[board_modifier.py:84]: Setting MX47 footprint position: (415525000, 58337500)
[board_modifier.py:64]: Searching for MX48 footprint in /Users/win/Projects/winkeebs/win-split/pcb/Win-split-bottom-and-top.kicad_pcb
[board_modifier.py:84]: Setting MX48 footprint position: (439337500, 58337500)
[board_modifier.py:64]: Searching for MX49 footprint in /Users/win/Projects/winkeebs/win-split/pcb/Win-split-bottom-and-top.kicad_pcb
[board_modifier.py:84]: Setting MX49 footprint position: (382187500, 77387500)
[board_modifier.py:64]: Searching for MX50 footprint in /Users/win/Projects/winkeebs/win-split/pcb/Win-split-bottom-and-top.kicad_pcb
[board_modifier.py:84]: Setting MX50 footprint position: (401237500, 77387500)
[board_modifier.py:64]: Searching for MX51 footprint in /Users/win/Projects/winkeebs/win-split/pcb/Win-split-bottom-and-top.kicad_pcb
[board_modifier.py:84]: Setting MX51 footprint position: (432193750, 77387500)
[board_modifier.py:64]: Searching for MX52 footprint in /Users/win/Projects/winkeebs/win-split/pcb/Win-split-bottom-and-top.kicad_pcb
[board_modifier.py:84]: Setting MX52 footprint position: (386950000, 96437500)
[board_modifier.py:64]: Searching for MX53 footprint in /Users/win/Projects/winkeebs/win-split/pcb/Win-split-bottom-and-top.kicad_pcb
[board_modifier.py:84]: Setting MX53 footprint position: (413143750, 96437500)
[board_modifier.py:64]: Searching for MX54 footprint in /Users/win/Projects/winkeebs/win-split/pcb/Win-split-bottom-and-top.kicad_pcb
[board_modifier.py:84]: Setting MX54 footprint position: (439337500, 96437500)
[board_modifier.py:64]: Searching for MX55 footprint in /Users/win/Projects/winkeebs/win-split/pcb/Win-split-bottom-and-top.kicad_pcb
[board_modifier.py:84]: Setting MX55 footprint position: (398856250, 115487500)
[board_modifier.py:64]: Searching for MX56 footprint in /Users/win/Projects/winkeebs/win-split/pcb/Win-split-bottom-and-top.kicad_pcb
[board_modifier.py:84]: Setting MX56 footprint position: (420287500, 115487500)
[board_modifier.py:64]: Searching for MX57 footprint in /Users/win/Projects/winkeebs/win-split/pcb/Win-split-bottom-and-top.kicad_pcb
[board_modifier.py:84]: Setting MX57 footprint position: (439337500, 115487500)
[board_modifier.py:64]: Searching for MX58 footprint in /Users/win/Projects/winkeebs/win-split/pcb/Win-split-bottom-and-top.kicad_pcb
[board_modifier.py:84]: Setting MX58 footprint position: (458387500, 115487500)
[board_modifier.py:64]: Searching for MX59 footprint in /Users/win/Projects/winkeebs/win-split/pcb/Win-split-bottom-and-top.kicad_pcb
[board_modifier.py:84]: Setting MX59 footprint position: (48812500, 39287500)
[board_modifier.py:64]: Searching for MX60 footprint in /Users/win/Projects/winkeebs/win-split/pcb/Win-split-bottom-and-top.kicad_pcb
[board_modifier.py:84]: Setting MX60 footprint position: (105962500, 39287500)
[board_modifier.py:64]: Searching for MX61 footprint in /Users/win/Projects/winkeebs/win-split/pcb/Win-split-bottom-and-top.kicad_pcb
[board_modifier.py:84]: Setting MX61 footprint position: (125012500, 39287500)
[board_modifier.py:64]: Searching for MX62 footprint in /Users/win/Projects/winkeebs/win-split/pcb/Win-split-bottom-and-top.kicad_pcb
[board_modifier.py:84]: Setting MX62 footprint position: (53575000, 58337500)
[board_modifier.py:64]: Searching for MX63 footprint in /Users/win/Projects/winkeebs/win-split/pcb/Win-split-bottom-and-top.kicad_pcb
[board_modifier.py:84]: Setting MX63 footprint position: (96437500, 58337500)
[board_modifier.py:64]: Searching for MX64 footprint in /Users/win/Projects/winkeebs/win-split/pcb/Win-split-bottom-and-top.kicad_pcb
[board_modifier.py:84]: Setting MX64 footprint position: (120250000, 58337500)
[board_modifier.py:64]: Searching for MX65 footprint in /Users/win/Projects/winkeebs/win-split/pcb/Win-split-bottom-and-top.kicad_pcb
[board_modifier.py:84]: Setting MX65 footprint position: (53575000, 77387500)
[board_modifier.py:64]: Searching for MX66 footprint in /Users/win/Projects/winkeebs/win-split/pcb/Win-split-bottom-and-top.kicad_pcb
[board_modifier.py:84]: Setting MX66 footprint position: (89293750, 77387500)
[board_modifier.py:64]: Searching for MX67 footprint in /Users/win/Projects/winkeebs/win-split/pcb/Win-split-bottom-and-top.kicad_pcb
[board_modifier.py:84]: Setting MX67 footprint position: (115487500, 77387500)
[board_modifier.py:64]: Searching for MX68 footprint in /Users/win/Projects/winkeebs/win-split/pcb/Win-split-bottom-and-top.kicad_pcb
[board_modifier.py:84]: Setting MX68 footprint position: (82150000, 96437500)
[board_modifier.py:64]: Searching for MX69 footprint in /Users/win/Projects/winkeebs/win-split/pcb/Win-split-bottom-and-top.kicad_pcb
[board_modifier.py:84]: Setting MX69 footprint position: (110725000, 96437500)
[board_modifier.py:64]: Searching for MX70 footprint in /Users/win/Projects/winkeebs/win-split/pcb/Win-split-bottom-and-top.kicad_pcb
[board_modifier.py:84]: Setting MX70 footprint position: (39287500, 115487500)
[board_modifier.py:64]: Searching for MX71 footprint in /Users/win/Projects/winkeebs/win-split/pcb/Win-split-bottom-and-top.kicad_pcb
[board_modifier.py:84]: Setting MX71 footprint position: (84531250, 115487500)
[key_placer.py:162]: Removing dangling tracks
