[kbplacer_plugin_action.py:66]: Plugin executed with KiCad version: 7.0.11
[kbplacer_plugin_action.py:67]: Plugin executed with python version: '3.9.13 (v3.9.13:6de2ca5339, May 17 2022, 11:37:23) \n[Clang 13.0.0 (clang-1300.0.29.30)]'
[kbplacer_dialog.py:526]: Language: en
[kbplacer_plugin_action.py:83]: GUI state: {"switch_section": {"layout_path": "", "x_distance": "19.05", "y_distance": "19.05", "element_info": {"annotation_format": "MX{}", "position_option": "Default", "position": {"relative_position": [0.0, 0.0], "orientation": 0.0, "side": "BACK"}, "template_path": ""}}, "switch_diodes_section": {"enable": true, "route_switches_with_diodes": false, "element_info": {"annotation_format": "D{}", "position_option": "Relative", "position": null, "template_path": ""}}, "additional_elements": {"elements_info": []}, "misc_section": {"route_rows_and_columns": false, "template_path": "", "generate_outline": false, "outline_delta": 0.0}}
[key_placer.py:295]: Set key 1U distance: 19050000/19050000
[key_placer.py:111]: Switches by nets: defaultdict(<class 'list'>, {frozenset({'COL3', 'ROW2'}): ['MX20'], frozenset({'COL3', 'ROW4'}): ['MX35'], frozenset({'COL2', 'ROW3'}): ['MX27'], frozenset({'COL6', 'ROW0'}): ['MX7'], frozenset({'ROW3', 'COL0'}): ['MX25'], frozenset({'COL2', 'ROW0'}): ['MX3'], frozenset({'COL0', 'ROW2'}): ['MX17'], frozenset({'COL4', 'ROW2'}): ['MX21'], frozenset({'COL4', 'ROW1'}): ['MX13'], frozenset({'COL3', 'ROW0'}): ['MX4'], frozenset({'COL1', 'ROW4'}): ['MX33'], frozenset({'COL2', 'ROW2'}): ['MX19'], frozenset({'COL5', 'ROW0'}): ['MX6'], frozenset({'ROW1', 'COL7'}): ['MX16'], frozenset({'ROW4', 'COL6'}): ['MX38'], frozenset({'ROW4', 'COL2'}): ['MX34'], frozenset({'COL4', 'ROW0'}): ['MX5'], frozenset({'ROW3', 'COL5'}): ['MX30'], frozenset({'COL6', 'ROW2'}): ['MX23'], frozenset({'COL3', 'ROW3'}): ['MX28'], frozenset({'COL5', 'ROW1'}): ['MX14'], frozenset({'COL6', 'ROW1'}): ['MX15'], frozenset({'ROW4', 'COL0'}): ['MX32'], frozenset({'COL1', 'ROW3'}): ['MX26'], frozenset({'ROW4', 'COL5'}): ['MX37'], frozenset({'ROW4', 'COL4'}): ['MX36'], frozenset({'COL1', 'ROW2'}): ['MX18'], frozenset({'ROW0', 'COL7'}): ['MX8'], frozenset({'ROW3', 'COL4'}): ['MX29'], frozenset({'COL0', 'ROW0'}): ['MX1'], frozenset({'COL0', 'ROW1'}): ['MX9'], frozenset({'COL6', 'ROW3'}): ['MX31'], frozenset({'COL5', 'ROW2'}): ['MX22'], frozenset({'COL3', 'ROW1'}): ['MX12'], frozenset({'ROW4', 'COL7'}): ['MX39'], frozenset({'COL2', 'ROW1'}): ['MX11'], frozenset({'COL1', 'ROW1'}): ['MX10'], frozenset({'COL7', 'ROW2'}): ['MX24'], frozenset({'COL1', 'ROW0'}): ['MX2']})
[key_placer.py:115]: Diodes by switch: {'MX2': ['D2'], 'MX15': ['D15'], 'MX36': ['D36'], 'MX1': ['D1'], 'MX26': ['D26'], 'MX4': ['D4'], 'MX34': ['D34'], 'MX32': ['D32'], 'MX24': ['D24'], 'MX35': ['D35'], 'MX14': ['D14'], 'MX37': ['D37'], 'MX22': ['D22'], 'MX3': ['D3'], 'MX19': ['D19'], 'MX9': ['D9'], 'MX17': ['D17'], 'MX21': ['D21'], 'MX39': ['D39'], 'MX13': ['D13'], 'MX18': ['D18'], 'MX38': ['D38'], 'MX28': ['D28'], 'MX20': ['D20'], 'MX25': ['D25'], 'MX23': ['D23'], 'MX31': ['D31'], 'MX7': ['D7'], 'MX29': ['D29'], 'MX16': ['D16'], 'MX12': ['D12'], 'MX6': ['D6'], 'MX27': ['D27'], 'MX5': ['D5'], 'MX10': ['D10'], 'MX33': ['D33'], 'MX30': ['D30'], 'MX8': ['D8'], 'MX11': ['D11']}
[board_modifier.py:63]: Searching for MX1 footprint in /Users/win/Projects/winkeebs/win-split/pcb/right/Win-split-right.kicad_pcb
[key_placer.py:490]: Looking for connection template between MX1 and other elements
[board_modifier.py:96]: Getting MX1 footprint position: (111186635, 27028111)
[key_placer.py:533]: Got connection template: 
[key_placer.py:111]: Switches by nets: defaultdict(<class 'list'>, {frozenset({'COL3', 'ROW2'}): ['MX20'], frozenset({'COL3', 'ROW4'}): ['MX35'], frozenset({'COL2', 'ROW3'}): ['MX27'], frozenset({'COL6', 'ROW0'}): ['MX7'], frozenset({'ROW3', 'COL0'}): ['MX25'], frozenset({'COL2', 'ROW0'}): ['MX3'], frozenset({'COL0', 'ROW2'}): ['MX17'], frozenset({'COL4', 'ROW2'}): ['MX21'], frozenset({'COL4', 'ROW1'}): ['MX13'], frozenset({'COL3', 'ROW0'}): ['MX4'], frozenset({'COL1', 'ROW4'}): ['MX33'], frozenset({'COL2', 'ROW2'}): ['MX19'], frozenset({'COL5', 'ROW0'}): ['MX6'], frozenset({'ROW1', 'COL7'}): ['MX16'], frozenset({'ROW4', 'COL6'}): ['MX38'], frozenset({'ROW4', 'COL2'}): ['MX34'], frozenset({'COL4', 'ROW0'}): ['MX5'], frozenset({'ROW3', 'COL5'}): ['MX30'], frozenset({'COL6', 'ROW2'}): ['MX23'], frozenset({'COL3', 'ROW3'}): ['MX28'], frozenset({'COL5', 'ROW1'}): ['MX14'], frozenset({'COL6', 'ROW1'}): ['MX15'], frozenset({'ROW4', 'COL0'}): ['MX32'], frozenset({'COL1', 'ROW3'}): ['MX26'], frozenset({'ROW4', 'COL5'}): ['MX37'], frozenset({'ROW4', 'COL4'}): ['MX36'], frozenset({'COL1', 'ROW2'}): ['MX18'], frozenset({'ROW0', 'COL7'}): ['MX8'], frozenset({'ROW3', 'COL4'}): ['MX29'], frozenset({'COL0', 'ROW0'}): ['MX1'], frozenset({'COL0', 'ROW1'}): ['MX9'], frozenset({'COL6', 'ROW3'}): ['MX31'], frozenset({'COL5', 'ROW2'}): ['MX22'], frozenset({'COL3', 'ROW1'}): ['MX12'], frozenset({'ROW4', 'COL7'}): ['MX39'], frozenset({'COL2', 'ROW1'}): ['MX11'], frozenset({'COL1', 'ROW1'}): ['MX10'], frozenset({'COL7', 'ROW2'}): ['MX24'], frozenset({'COL1', 'ROW0'}): ['MX2']})
[key_placer.py:115]: Diodes by switch: {'MX2': ['D2'], 'MX15': ['D15'], 'MX36': ['D36'], 'MX1': ['D1'], 'MX26': ['D26'], 'MX4': ['D4'], 'MX34': ['D34'], 'MX32': ['D32'], 'MX24': ['D24'], 'MX35': ['D35'], 'MX14': ['D14'], 'MX37': ['D37'], 'MX22': ['D22'], 'MX3': ['D3'], 'MX19': ['D19'], 'MX9': ['D9'], 'MX17': ['D17'], 'MX21': ['D21'], 'MX39': ['D39'], 'MX13': ['D13'], 'MX18': ['D18'], 'MX38': ['D38'], 'MX28': ['D28'], 'MX20': ['D20'], 'MX25': ['D25'], 'MX23': ['D23'], 'MX31': ['D31'], 'MX7': ['D7'], 'MX29': ['D29'], 'MX16': ['D16'], 'MX12': ['D12'], 'MX6': ['D6'], 'MX27': ['D27'], 'MX5': ['D5'], 'MX10': ['D10'], 'MX33': ['D33'], 'MX30': ['D30'], 'MX8': ['D8'], 'MX11': ['D11']}
[board_modifier.py:96]: Getting MX1 footprint position: (111186635, 27028111)
[board_modifier.py:96]: Getting D1 footprint position: (120063385, 23590138)
[key_placer.py:799]: Element info updated: ElementInfo(annotation_format='D{}', position_option=<PositionOption.RELATIVE: 'Relative'>, position=ElementPosition(relative_position=Point(x=-8.87675, y=3.437973), orientation=-270.0, side=<Side.BACK: True>), template_path='')
[key_placer.py:882]: Diode info: [ElementInfo(annotation_format='D{}', position_option=<PositionOption.RELATIVE: 'Relative'>, position=ElementPosition(relative_position=Point(x=-8.87675, y=3.437973), orientation=-270.0, side=<Side.BACK: True>), template_path='')]
[board_modifier.py:96]: Getting MX1 footprint position: (111186635, 27028111)
[board_modifier.py:83]: Setting D1 footprint position: (120063385, 23590139)
[board_modifier.py:96]: Getting D1 footprint position: (120063385, 23590139)
[board_modifier.py:96]: Getting MX10 footprint position: (130236637, 43601609)
[board_modifier.py:83]: Setting D10 footprint position: (139113387, 40163637)
[board_modifier.py:96]: Getting D10 footprint position: (139113387, 40163637)
[board_modifier.py:96]: Getting MX11 footprint position: (149286634, 41315610)
[board_modifier.py:83]: Setting D11 footprint position: (158163384, 37877638)
[board_modifier.py:96]: Getting D11 footprint position: (158163384, 37877638)
[board_modifier.py:96]: Getting MX12 footprint position: (168336635, 43601610)
[board_modifier.py:83]: Setting D12 footprint position: (177213385, 40163638)
[board_modifier.py:96]: Getting D12 footprint position: (177213385, 40163638)
[board_modifier.py:96]: Getting MX13 footprint position: (189420427, 46775136)
[board_modifier.py:83]: Setting D13 footprint position: (198865220, 45586766)
[board_modifier.py:96]: Getting D13 footprint position: (198865220, 45586766)
[board_modifier.py:96]: Getting MX14 footprint position: (207904561, 51383746)
[board_modifier.py:83]: Setting D14 footprint position: (217349354, 50195376)
[board_modifier.py:96]: Getting D14 footprint position: (217349354, 50195376)
[board_modifier.py:96]: Getting MX15 footprint position: (226388697, 55992359)
[board_modifier.py:83]: Setting D15 footprint position: (235833490, 54803989)
[board_modifier.py:96]: Getting D15 footprint position: (235833490, 54803989)
[board_modifier.py:96]: Getting MX16 footprint position: (272586609, 47877605)
[board_modifier.py:83]: Setting D16 footprint position: (282031402, 46689235)
[board_modifier.py:96]: Getting D16 footprint position: (282031402, 46689235)
[board_modifier.py:96]: Getting MX17 footprint position: (111186635, 65128110)
[board_modifier.py:83]: Setting D17 footprint position: (120063385, 61690138)
[board_modifier.py:96]: Getting D17 footprint position: (120063385, 61690138)
[board_modifier.py:96]: Getting MX18 footprint position: (130236635, 62651611)
[board_modifier.py:83]: Setting D18 footprint position: (139113385, 59213639)
[board_modifier.py:96]: Getting D18 footprint position: (139113385, 59213639)
[board_modifier.py:96]: Getting MX19 footprint position: (149286636, 60365610)
[board_modifier.py:83]: Setting D19 footprint position: (158163386, 56927638)
[board_modifier.py:96]: Getting D19 footprint position: (158163386, 56927638)
[board_modifier.py:96]: Getting MX2 footprint position: (130236636, 24551609)
[board_modifier.py:83]: Setting D2 footprint position: (139113386, 21113637)
[board_modifier.py:96]: Getting D2 footprint position: (139113386, 21113637)
[board_modifier.py:96]: Getting MX20 footprint position: (168336636, 62651611)
[board_modifier.py:83]: Setting D20 footprint position: (177213386, 59213639)
[board_modifier.py:96]: Getting D20 footprint position: (177213386, 59213639)
[board_modifier.py:96]: Getting MX21 footprint position: (189432850, 66411424)
[board_modifier.py:83]: Setting D21 footprint position: (198877643, 65223054)
[board_modifier.py:96]: Getting D21 footprint position: (198877643, 65223054)
[board_modifier.py:96]: Getting MX22 footprint position: (207916982, 71020036)
[board_modifier.py:83]: Setting D22 footprint position: (217361775, 69831666)
[board_modifier.py:96]: Getting D22 footprint position: (217361775, 69831666)
[board_modifier.py:96]: Getting MX23 footprint position: (237953701, 78509029)
[board_modifier.py:83]: Setting D23 footprint position: (247398494, 77320659)
[board_modifier.py:96]: Getting D23 footprint position: (247398494, 77320659)
[board_modifier.py:96]: Getting MX24 footprint position: (249493863, 61753124)
[board_modifier.py:83]: Setting D24 footprint position: (258938656, 60564754)
[board_modifier.py:96]: Getting D24 footprint position: (258938656, 60564754)
[board_modifier.py:96]: Getting MX25 footprint position: (111186634, 84178109)
[board_modifier.py:83]: Setting D25 footprint position: (120063384, 80740137)
[board_modifier.py:96]: Getting D25 footprint position: (120063384, 80740137)
[board_modifier.py:96]: Getting MX26 footprint position: (130236635, 81701609)
[board_modifier.py:83]: Setting D26 footprint position: (139113385, 78263637)
[board_modifier.py:96]: Getting D26 footprint position: (139113385, 78263637)
[board_modifier.py:96]: Getting MX27 footprint position: (149286636, 79415610)
[board_modifier.py:83]: Setting D27 footprint position: (158163386, 75977638)
[board_modifier.py:96]: Getting D27 footprint position: (158163386, 75977638)
[board_modifier.py:96]: Getting MX28 footprint position: (168336635, 81701609)
[board_modifier.py:83]: Setting D28 footprint position: (177213385, 78263637)
[board_modifier.py:96]: Getting D28 footprint position: (177213385, 78263637)
[board_modifier.py:96]: Getting MX29 footprint position: (189445271, 86047710)
[board_modifier.py:83]: Setting D29 footprint position: (198890064, 84859340)
[board_modifier.py:96]: Getting D29 footprint position: (198890064, 84859340)
[board_modifier.py:96]: Getting MX3 footprint position: (149286635, 22265610)
[board_modifier.py:83]: Setting D3 footprint position: (158163385, 18827638)
[board_modifier.py:96]: Getting D3 footprint position: (158163385, 18827638)
[board_modifier.py:96]: Getting MX30 footprint position: (214860955, 92384553)
[board_modifier.py:83]: Setting D30 footprint position: (224305748, 91196183)
[board_modifier.py:96]: Getting D30 footprint position: (224305748, 91196183)
[board_modifier.py:96]: Getting MX31 footprint position: (240276638, 98721392)
[board_modifier.py:83]: Setting D31 footprint position: (249721431, 97533022)
[board_modifier.py:96]: Getting D31 footprint position: (249721431, 97533022)
[board_modifier.py:96]: Getting MX32 footprint position: (92136635, 84178109)
[board_modifier.py:83]: Setting D32 footprint position: (101013385, 80740137)
[board_modifier.py:96]: Getting D32 footprint position: (101013385, 80740137)
[board_modifier.py:96]: Getting MX33 footprint position: (104042886, 103228111)
[board_modifier.py:83]: Setting D33 footprint position: (112919636, 99790139)
[board_modifier.py:96]: Getting D33 footprint position: (112919636, 99790139)
[board_modifier.py:96]: Getting MX34 footprint position: (137380384, 100751611)
[board_modifier.py:83]: Setting D34 footprint position: (146257134, 97313639)
[board_modifier.py:96]: Getting D34 footprint position: (146257134, 97313639)
[board_modifier.py:96]: Getting MX35 footprint position: (161192886, 100751609)
[board_modifier.py:83]: Setting D35 footprint position: (170069636, 97313637)
[board_modifier.py:96]: Getting D35 footprint position: (170069636, 97313637)
[board_modifier.py:96]: Getting MX36 footprint position: (196389243, 107412225)
[board_modifier.py:83]: Setting D36 footprint position: (205834036, 106223855)
[board_modifier.py:96]: Getting D36 footprint position: (205834036, 106223855)
[board_modifier.py:96]: Getting MX37 footprint position: (217183893, 112596913)
[board_modifier.py:83]: Setting D37 footprint position: (226628686, 111408543)
[board_modifier.py:96]: Getting D37 footprint position: (226628686, 111408543)
[board_modifier.py:96]: Getting MX38 footprint position: (235668026, 117205527)
[board_modifier.py:83]: Setting D38 footprint position: (245112819, 116017157)
[board_modifier.py:96]: Getting D38 footprint position: (245112819, 116017157)
[board_modifier.py:96]: Getting MX39 footprint position: (254152162, 121814137)
[board_modifier.py:83]: Setting D39 footprint position: (263596955, 120625767)
[board_modifier.py:96]: Getting D39 footprint position: (263596955, 120625767)
[board_modifier.py:96]: Getting MX4 footprint position: (168336635, 24551611)
[board_modifier.py:83]: Setting D4 footprint position: (177213385, 21113639)
[board_modifier.py:96]: Getting D4 footprint position: (177213385, 21113639)
[board_modifier.py:96]: Getting MX5 footprint position: (189408006, 27138849)
[board_modifier.py:83]: Setting D5 footprint position: (198852799, 25950479)
[board_modifier.py:96]: Getting D5 footprint position: (198852799, 25950479)
[board_modifier.py:96]: Getting MX6 footprint position: (207892142, 31747462)
[board_modifier.py:83]: Setting D6 footprint position: (217336935, 30559092)
[board_modifier.py:96]: Getting D6 footprint position: (217336935, 30559092)
[board_modifier.py:96]: Getting MX7 footprint position: (226376275, 36356072)
[board_modifier.py:83]: Setting D7 footprint position: (235821068, 35167702)
[board_modifier.py:96]: Getting D7 footprint position: (235821068, 35167702)
[board_modifier.py:96]: Getting MX8 footprint position: (249481441, 42116839)
[board_modifier.py:83]: Setting D8 footprint position: (258926234, 40928469)
[board_modifier.py:96]: Getting D8 footprint position: (258926234, 40928469)
[board_modifier.py:96]: Getting MX9 footprint position: (111186635, 46078110)
[board_modifier.py:83]: Setting D9 footprint position: (120063385, 42640138)
[board_modifier.py:96]: Getting D9 footprint position: (120063385, 42640138)
